{"/Users/timothyhawkins/Desktop/development/vegitable/authentication-data-services/user-data-service/src/index.js": {"path":"/Users/timothyhawkins/Desktop/development/vegitable/authentication-data-services/user-data-service/src/index.js","statementMap":{"0":{"start":{"line":1,"column":16},"end":{"line":1,"column":34}},"1":{"start":{"line":2,"column":12},"end":{"line":2,"column":21}},"2":{"start":{"line":3,"column":13},"end":{"line":3,"column":38}},"3":{"start":{"line":4,"column":23},"end":{"line":4,"column":51}},"4":{"start":{"line":5,"column":16},"end":{"line":5,"column":42}},"5":{"start":{"line":6,"column":13},"end":{"line":6,"column":28}},"6":{"start":{"line":7,"column":13},"end":{"line":7,"column":39}},"7":{"start":{"line":9,"column":0},"end":{"line":9,"column":26}},"8":{"start":{"line":11,"column":0},"end":{"line":11,"column":24}},"9":{"start":{"line":12,"column":0},"end":{"line":12,"column":24}},"10":{"start":{"line":13,"column":0},"end":{"line":17,"column":4}},"11":{"start":{"line":19,"column":0},"end":{"line":19,"column":28}},"12":{"start":{"line":21,"column":0},"end":{"line":23,"column":3}},"13":{"start":{"line":22,"column":2},"end":{"line":22,"column":54}},"14":{"start":{"line":25,"column":0},"end":{"line":27,"column":3}},"15":{"start":{"line":26,"column":2},"end":{"line":26,"column":46}}},"fnMap":{"0":{"name":"(anonymous_0)","decl":{"start":{"line":21,"column":13},"end":{"line":21,"column":14}},"loc":{"start":{"line":21,"column":27},"end":{"line":23,"column":1}},"line":21},"1":{"name":"(anonymous_1)","decl":{"start":{"line":25,"column":17},"end":{"line":25,"column":18}},"loc":{"start":{"line":25,"column":23},"end":{"line":27,"column":1}},"line":25}},"branchMap":{"0":{"loc":{"start":{"line":7,"column":13},"end":{"line":7,"column":39}},"type":"binary-expr","locations":[{"start":{"line":7,"column":13},"end":{"line":7,"column":17}},{"start":{"line":7,"column":21},"end":{"line":7,"column":39}}],"line":7}},"s":{"0":1,"1":1,"2":1,"3":1,"4":1,"5":1,"6":1,"7":1,"8":1,"9":1,"10":1,"11":1,"12":1,"13":0,"14":1,"15":0},"f":{"0":0,"1":0},"b":{"0":[1,0]},"_coverageSchema":"332fd63041d2c1bcb487cc26dd0d5f7d97098a6c","hash":"4a1b3725cd5d4882494db683b446a62d2abd54b9"}
,"/Users/timothyhawkins/Desktop/development/vegitable/authentication-data-services/user-data-service/src/middleware/cors.js": {"path":"/Users/timothyhawkins/Desktop/development/vegitable/authentication-data-services/user-data-service/src/middleware/cors.js","statementMap":{"0":{"start":{"line":1,"column":0},"end":{"line":7,"column":1}},"1":{"start":{"line":2,"column":2},"end":{"line":2,"column":78}},"2":{"start":{"line":3,"column":2},"end":{"line":3,"column":74}},"3":{"start":{"line":4,"column":2},"end":{"line":4,"column":81}},"4":{"start":{"line":5,"column":2},"end":{"line":5,"column":58}},"5":{"start":{"line":6,"column":2},"end":{"line":6,"column":9}}},"fnMap":{"0":{"name":"(anonymous_0)","decl":{"start":{"line":1,"column":17},"end":{"line":1,"column":18}},"loc":{"start":{"line":1,"column":37},"end":{"line":7,"column":1}},"line":1}},"branchMap":{"0":{"loc":{"start":{"line":2,"column":47},"end":{"line":2,"column":76}},"type":"binary-expr","locations":[{"start":{"line":2,"column":47},"end":{"line":2,"column":69}},{"start":{"line":2,"column":73},"end":{"line":2,"column":76}}],"line":2}},"s":{"0":1,"1":0,"2":0,"3":0,"4":0,"5":0},"f":{"0":0},"b":{"0":[0,0]},"_coverageSchema":"332fd63041d2c1bcb487cc26dd0d5f7d97098a6c","hash":"df404dee1b258242e3ac95741732fed39f2e47d4"}
,"/Users/timothyhawkins/Desktop/development/vegitable/authentication-data-services/user-data-service/src/models/user.js": {"path":"/Users/timothyhawkins/Desktop/development/vegitable/authentication-data-services/user-data-service/src/models/user.js","statementMap":{"0":{"start":{"line":1,"column":17},"end":{"line":1,"column":36}},"1":{"start":{"line":2,"column":15},"end":{"line":2,"column":32}},"2":{"start":{"line":4,"column":19},"end":{"line":17,"column":2}},"3":{"start":{"line":19,"column":13},"end":{"line":19,"column":47}},"4":{"start":{"line":21,"column":0},"end":{"line":60,"column":1}},"5":{"start":{"line":22,"column":13},"end":{"line":29,"column":6}},"6":{"start":{"line":24,"column":6},"end":{"line":24,"column":23}},"7":{"start":{"line":25,"column":6},"end":{"line":25,"column":18}},"8":{"start":{"line":28,"column":6},"end":{"line":28,"column":20}},"9":{"start":{"line":31,"column":2},"end":{"line":36,"column":3}},"10":{"start":{"line":32,"column":4},"end":{"line":35,"column":5}},"11":{"start":{"line":38,"column":13},"end":{"line":38,"column":45}},"12":{"start":{"line":39,"column":2},"end":{"line":43,"column":5}},"13":{"start":{"line":45,"column":2},"end":{"line":59,"column":7}},"14":{"start":{"line":47,"column":6},"end":{"line":47,"column":23}},"15":{"start":{"line":48,"column":6},"end":{"line":51,"column":7}},"16":{"start":{"line":54,"column":6},"end":{"line":54,"column":26}},"17":{"start":{"line":55,"column":6},"end":{"line":58,"column":7}},"18":{"start":{"line":63,"column":0},"end":{"line":93,"column":3}},"19":{"start":{"line":64,"column":15},"end":{"line":74,"column":6}},"20":{"start":{"line":66,"column":6},"end":{"line":66,"column":23}},"21":{"start":{"line":67,"column":6},"end":{"line":70,"column":7}},"22":{"start":{"line":73,"column":6},"end":{"line":73,"column":20}},"23":{"start":{"line":76,"column":2},"end":{"line":92,"column":7}},"24":{"start":{"line":78,"column":6},"end":{"line":78,"column":22}},"25":{"start":{"line":79,"column":6},"end":{"line":82,"column":7}},"26":{"start":{"line":85,"column":6},"end":{"line":85,"column":26}},"27":{"start":{"line":86,"column":6},"end":{"line":91,"column":7}},"28":{"start":{"line":95,"column":0},"end":{"line":106,"column":1}},"29":{"start":{"line":96,"column":2},"end":{"line":105,"column":5}},"30":{"start":{"line":97,"column":4},"end":{"line":104,"column":7}},"31":{"start":{"line":98,"column":6},"end":{"line":103,"column":7}},"32":{"start":{"line":99,"column":8},"end":{"line":99,"column":20}},"33":{"start":{"line":102,"column":8},"end":{"line":102,"column":22}},"34":{"start":{"line":108,"column":0},"end":{"line":121,"column":1}},"35":{"start":{"line":109,"column":2},"end":{"line":119,"column":4}},"36":{"start":{"line":110,"column":4},"end":{"line":118,"column":7}},"37":{"start":{"line":111,"column":6},"end":{"line":117,"column":7}},"38":{"start":{"line":112,"column":8},"end":{"line":112,"column":25}},"39":{"start":{"line":113,"column":8},"end":{"line":113,"column":22}},"40":{"start":{"line":115,"column":8},"end":{"line":115,"column":25}},"41":{"start":{"line":116,"column":8},"end":{"line":116,"column":22}},"42":{"start":{"line":123,"column":0},"end":{"line":127,"column":1}}},"fnMap":{"0":{"name":"(anonymous_0)","decl":{"start":{"line":21,"column":11},"end":{"line":21,"column":12}},"loc":{"start":{"line":21,"column":26},"end":{"line":60,"column":1}},"line":21},"1":{"name":"(anonymous_1)","decl":{"start":{"line":23,"column":11},"end":{"line":23,"column":12}},"loc":{"start":{"line":23,"column":20},"end":{"line":26,"column":5}},"line":23},"2":{"name":"(anonymous_2)","decl":{"start":{"line":27,"column":10},"end":{"line":27,"column":11}},"loc":{"start":{"line":27,"column":22},"end":{"line":29,"column":5}},"line":27},"3":{"name":"(anonymous_3)","decl":{"start":{"line":46,"column":11},"end":{"line":46,"column":12}},"loc":{"start":{"line":46,"column":20},"end":{"line":52,"column":5}},"line":46},"4":{"name":"(anonymous_4)","decl":{"start":{"line":53,"column":10},"end":{"line":53,"column":11}},"loc":{"start":{"line":53,"column":22},"end":{"line":59,"column":5}},"line":53},"5":{"name":"(anonymous_5)","decl":{"start":{"line":63,"column":8},"end":{"line":63,"column":9}},"loc":{"start":{"line":63,"column":23},"end":{"line":93,"column":3}},"line":63},"6":{"name":"(anonymous_6)","decl":{"start":{"line":65,"column":11},"end":{"line":65,"column":12}},"loc":{"start":{"line":65,"column":20},"end":{"line":71,"column":5}},"line":65},"7":{"name":"(anonymous_7)","decl":{"start":{"line":72,"column":10},"end":{"line":72,"column":11}},"loc":{"start":{"line":72,"column":22},"end":{"line":74,"column":5}},"line":72},"8":{"name":"(anonymous_8)","decl":{"start":{"line":77,"column":11},"end":{"line":77,"column":12}},"loc":{"start":{"line":77,"column":20},"end":{"line":83,"column":5}},"line":77},"9":{"name":"(anonymous_9)","decl":{"start":{"line":84,"column":10},"end":{"line":84,"column":11}},"loc":{"start":{"line":84,"column":22},"end":{"line":92,"column":5}},"line":84},"10":{"name":"(anonymous_10)","decl":{"start":{"line":95,"column":10},"end":{"line":95,"column":11}},"loc":{"start":{"line":95,"column":24},"end":{"line":106,"column":1}},"line":95},"11":{"name":"(anonymous_11)","decl":{"start":{"line":96,"column":21},"end":{"line":96,"column":22}},"loc":{"start":{"line":96,"column":41},"end":{"line":105,"column":3}},"line":96},"12":{"name":"(anonymous_12)","decl":{"start":{"line":97,"column":31},"end":{"line":97,"column":32}},"loc":{"start":{"line":97,"column":45},"end":{"line":104,"column":5}},"line":97},"13":{"name":"(anonymous_13)","decl":{"start":{"line":108,"column":12},"end":{"line":108,"column":13}},"loc":{"start":{"line":108,"column":32},"end":{"line":121,"column":1}},"line":108},"14":{"name":"(anonymous_14)","decl":{"start":{"line":109,"column":21},"end":{"line":109,"column":22}},"loc":{"start":{"line":109,"column":42},"end":{"line":119,"column":3}},"line":109},"15":{"name":"(anonymous_15)","decl":{"start":{"line":110,"column":35},"end":{"line":110,"column":36}},"loc":{"start":{"line":110,"column":49},"end":{"line":118,"column":5}},"line":110}},"branchMap":{"0":{"loc":{"start":{"line":31,"column":2},"end":{"line":36,"column":3}},"type":"if","locations":[{"start":{"line":31,"column":2},"end":{"line":36,"column":3}},{"start":{"line":31,"column":2},"end":{"line":36,"column":3}}],"line":31},"1":{"loc":{"start":{"line":98,"column":6},"end":{"line":103,"column":7}},"type":"if","locations":[{"start":{"line":98,"column":6},"end":{"line":103,"column":7}},{"start":{"line":98,"column":6},"end":{"line":103,"column":7}}],"line":98},"2":{"loc":{"start":{"line":111,"column":6},"end":{"line":117,"column":7}},"type":"if","locations":[{"start":{"line":111,"column":6},"end":{"line":117,"column":7}},{"start":{"line":111,"column":6},"end":{"line":117,"column":7}}],"line":111}},"s":{"0":1,"1":1,"2":1,"3":1,"4":1,"5":0,"6":0,"7":0,"8":0,"9":0,"10":0,"11":0,"12":0,"13":0,"14":0,"15":0,"16":0,"17":0,"18":1,"19":0,"20":0,"21":0,"22":0,"23":0,"24":0,"25":0,"26":0,"27":0,"28":1,"29":0,"30":0,"31":0,"32":0,"33":0,"34":1,"35":0,"36":0,"37":0,"38":0,"39":0,"40":0,"41":0,"42":1},"f":{"0":0,"1":0,"2":0,"3":0,"4":0,"5":0,"6":0,"7":0,"8":0,"9":0,"10":0,"11":0,"12":0,"13":0,"14":0,"15":0},"b":{"0":[0,0],"1":[0,0],"2":[0,0]},"_coverageSchema":"332fd63041d2c1bcb487cc26dd0d5f7d97098a6c","hash":"8a5ef9366fb1e22f7daf06d47c9459981a584324"}
,"/Users/timothyhawkins/Desktop/development/vegitable/authentication-data-services/user-data-service/src/routes/users.js": {"path":"/Users/timothyhawkins/Desktop/development/vegitable/authentication-data-services/user-data-service/src/routes/users.js","statementMap":{"0":{"start":{"line":1,"column":16},"end":{"line":1,"column":34}},"1":{"start":{"line":2,"column":15},"end":{"line":2,"column":31}},"2":{"start":{"line":3,"column":28},"end":{"line":3,"column":53}},"3":{"start":{"line":5,"column":0},"end":{"line":7,"column":3}},"4":{"start":{"line":6,"column":2},"end":{"line":6,"column":40}},"5":{"start":{"line":9,"column":0},"end":{"line":12,"column":3}},"6":{"start":{"line":10,"column":17},"end":{"line":10,"column":36}},"7":{"start":{"line":11,"column":2},"end":{"line":11,"column":19}},"8":{"start":{"line":14,"column":0},"end":{"line":28,"column":3}},"9":{"start":{"line":15,"column":2},"end":{"line":20,"column":3}},"10":{"start":{"line":16,"column":4},"end":{"line":19,"column":7}},"11":{"start":{"line":21,"column":17},"end":{"line":21,"column":33}},"12":{"start":{"line":22,"column":2},"end":{"line":25,"column":3}},"13":{"start":{"line":23,"column":4},"end":{"line":23,"column":35}},"14":{"start":{"line":24,"column":4},"end":{"line":24,"column":37}},"15":{"start":{"line":26,"column":2},"end":{"line":26,"column":22}},"16":{"start":{"line":27,"column":2},"end":{"line":27,"column":19}},"17":{"start":{"line":30,"column":0},"end":{"line":37,"column":3}},"18":{"start":{"line":31,"column":2},"end":{"line":31,"column":24}},"19":{"start":{"line":32,"column":2},"end":{"line":32,"column":27}},"20":{"start":{"line":33,"column":2},"end":{"line":36,"column":5}},"21":{"start":{"line":39,"column":0},"end":{"line":39,"column":24}}},"fnMap":{"0":{"name":"(anonymous_0)","decl":{"start":{"line":5,"column":16},"end":{"line":5,"column":17}},"loc":{"start":{"line":5,"column":30},"end":{"line":7,"column":1}},"line":5},"1":{"name":"(anonymous_1)","decl":{"start":{"line":9,"column":25},"end":{"line":9,"column":26}},"loc":{"start":{"line":9,"column":45},"end":{"line":12,"column":1}},"line":9},"2":{"name":"(anonymous_2)","decl":{"start":{"line":14,"column":22},"end":{"line":14,"column":23}},"loc":{"start":{"line":14,"column":42},"end":{"line":28,"column":1}},"line":14},"3":{"name":"(anonymous_3)","decl":{"start":{"line":30,"column":22},"end":{"line":30,"column":23}},"loc":{"start":{"line":30,"column":36},"end":{"line":37,"column":1}},"line":30}},"branchMap":{"0":{"loc":{"start":{"line":15,"column":2},"end":{"line":20,"column":3}},"type":"if","locations":[{"start":{"line":15,"column":2},"end":{"line":20,"column":3}},{"start":{"line":15,"column":2},"end":{"line":20,"column":3}}],"line":15},"1":{"loc":{"start":{"line":15,"column":6},"end":{"line":15,"column":43}},"type":"binary-expr","locations":[{"start":{"line":15,"column":6},"end":{"line":15,"column":21}},{"start":{"line":15,"column":25},"end":{"line":15,"column":43}}],"line":15},"2":{"loc":{"start":{"line":22,"column":2},"end":{"line":25,"column":3}},"type":"if","locations":[{"start":{"line":22,"column":2},"end":{"line":25,"column":3}},{"start":{"line":22,"column":2},"end":{"line":25,"column":3}}],"line":22}},"s":{"0":1,"1":1,"2":1,"3":1,"4":0,"5":1,"6":0,"7":0,"8":1,"9":0,"10":0,"11":0,"12":0,"13":0,"14":0,"15":0,"16":0,"17":1,"18":0,"19":0,"20":0,"21":1},"f":{"0":0,"1":0,"2":0,"3":0},"b":{"0":[0,0],"1":[0,0],"2":[0,0]},"_coverageSchema":"332fd63041d2c1bcb487cc26dd0d5f7d97098a6c","hash":"2a1df469c9a25fc65baa0e13e099cdbc2ebf8048"}
,"/Users/timothyhawkins/Desktop/development/vegitable/authentication-data-services/user-data-service/src/startup/db.js": {"path":"/Users/timothyhawkins/Desktop/development/vegitable/authentication-data-services/user-data-service/src/startup/db.js","statementMap":{"0":{"start":{"line":1,"column":17},"end":{"line":1,"column":36}},"1":{"start":{"line":2,"column":15},"end":{"line":2,"column":32}},"2":{"start":{"line":4,"column":0},"end":{"line":8,"column":1}},"3":{"start":{"line":5,"column":2},"end":{"line":7,"column":65}},"4":{"start":{"line":6,"column":16},"end":{"line":6,"column":66}},"5":{"start":{"line":7,"column":17},"end":{"line":7,"column":63}}},"fnMap":{"0":{"name":"(anonymous_0)","decl":{"start":{"line":4,"column":17},"end":{"line":4,"column":18}},"loc":{"start":{"line":4,"column":23},"end":{"line":8,"column":1}},"line":4},"1":{"name":"(anonymous_1)","decl":{"start":{"line":6,"column":10},"end":{"line":6,"column":11}},"loc":{"start":{"line":6,"column":16},"end":{"line":6,"column":66}},"line":6},"2":{"name":"(anonymous_2)","decl":{"start":{"line":7,"column":11},"end":{"line":7,"column":12}},"loc":{"start":{"line":7,"column":17},"end":{"line":7,"column":63}},"line":7}},"branchMap":{},"s":{"0":2,"1":2,"2":2,"3":2,"4":0,"5":0},"f":{"0":2,"1":0,"2":0},"b":{},"_coverageSchema":"332fd63041d2c1bcb487cc26dd0d5f7d97098a6c","hash":"88bbf20279c163a96eb2452d63e90bc5db15cee9"}
}
