TN:
SF:/Users/timothyhawkins/Desktop/development/vegitable/authentication-data-services/user-data-service/src/index.js
FN:21,(anonymous_0)
FN:25,(anonymous_1)
FNF:2
FNH:0
FNDA:0,(anonymous_0)
FNDA:0,(anonymous_1)
DA:1,1
DA:2,1
DA:3,1
DA:4,1
DA:5,1
DA:6,1
DA:7,1
DA:9,1
DA:11,1
DA:12,1
DA:13,1
DA:19,1
DA:21,1
DA:22,0
DA:25,1
DA:26,0
LF:16
LH:14
BRDA:7,0,0,1
BRDA:7,0,1,0
BRF:2
BRH:1
end_of_record
TN:
SF:/Users/timothyhawkins/Desktop/development/vegitable/authentication-data-services/user-data-service/src/middleware/cors.js
FN:1,(anonymous_0)
FNF:1
FNH:0
FNDA:0,(anonymous_0)
DA:1,1
DA:2,0
DA:3,0
DA:4,0
DA:5,0
DA:6,0
LF:6
LH:1
BRDA:2,0,0,0
BRDA:2,0,1,0
BRF:2
BRH:0
end_of_record
TN:
SF:/Users/timothyhawkins/Desktop/development/vegitable/authentication-data-services/user-data-service/src/models/user.js
FN:21,(anonymous_0)
FN:23,(anonymous_1)
FN:27,(anonymous_2)
FN:46,(anonymous_3)
FN:53,(anonymous_4)
FN:63,(anonymous_5)
FN:65,(anonymous_6)
FN:72,(anonymous_7)
FN:77,(anonymous_8)
FN:84,(anonymous_9)
FN:95,(anonymous_10)
FN:96,(anonymous_11)
FN:97,(anonymous_12)
FN:108,(anonymous_13)
FN:109,(anonymous_14)
FN:110,(anonymous_15)
FNF:16
FNH:0
FNDA:0,(anonymous_0)
FNDA:0,(anonymous_1)
FNDA:0,(anonymous_2)
FNDA:0,(anonymous_3)
FNDA:0,(anonymous_4)
FNDA:0,(anonymous_5)
FNDA:0,(anonymous_6)
FNDA:0,(anonymous_7)
FNDA:0,(anonymous_8)
FNDA:0,(anonymous_9)
FNDA:0,(anonymous_10)
FNDA:0,(anonymous_11)
FNDA:0,(anonymous_12)
FNDA:0,(anonymous_13)
FNDA:0,(anonymous_14)
FNDA:0,(anonymous_15)
DA:1,1
DA:2,1
DA:4,1
DA:19,1
DA:21,1
DA:22,0
DA:24,0
DA:25,0
DA:28,0
DA:31,0
DA:32,0
DA:38,0
DA:39,0
DA:45,0
DA:47,0
DA:48,0
DA:54,0
DA:55,0
DA:63,1
DA:64,0
DA:66,0
DA:67,0
DA:73,0
DA:76,0
DA:78,0
DA:79,0
DA:85,0
DA:86,0
DA:95,1
DA:96,0
DA:97,0
DA:98,0
DA:99,0
DA:102,0
DA:108,1
DA:109,0
DA:110,0
DA:111,0
DA:112,0
DA:113,0
DA:115,0
DA:116,0
DA:123,1
LF:43
LH:9
BRDA:31,0,0,0
BRDA:31,0,1,0
BRDA:98,1,0,0
BRDA:98,1,1,0
BRDA:111,2,0,0
BRDA:111,2,1,0
BRF:6
BRH:0
end_of_record
TN:
SF:/Users/timothyhawkins/Desktop/development/vegitable/authentication-data-services/user-data-service/src/routes/users.js
FN:5,(anonymous_0)
FN:9,(anonymous_1)
FN:14,(anonymous_2)
FN:30,(anonymous_3)
FNF:4
FNH:0
FNDA:0,(anonymous_0)
FNDA:0,(anonymous_1)
FNDA:0,(anonymous_2)
FNDA:0,(anonymous_3)
DA:1,1
DA:2,1
DA:3,1
DA:5,1
DA:6,0
DA:9,1
DA:10,0
DA:11,0
DA:14,1
DA:15,0
DA:16,0
DA:21,0
DA:22,0
DA:23,0
DA:24,0
DA:26,0
DA:27,0
DA:30,1
DA:31,0
DA:32,0
DA:33,0
DA:39,1
LF:22
LH:8
BRDA:15,0,0,0
BRDA:15,0,1,0
BRDA:15,1,0,0
BRDA:15,1,1,0
BRDA:22,2,0,0
BRDA:22,2,1,0
BRF:6
BRH:0
end_of_record
TN:
SF:/Users/timothyhawkins/Desktop/development/vegitable/authentication-data-services/user-data-service/src/startup/db.js
FN:4,(anonymous_0)
FN:6,(anonymous_1)
FN:7,(anonymous_2)
FNF:3
FNH:1
FNDA:2,(anonymous_0)
FNDA:0,(anonymous_1)
FNDA:0,(anonymous_2)
DA:1,2
DA:2,2
DA:4,2
DA:5,2
DA:6,0
DA:7,0
LF:6
LH:4
BRF:0
BRH:0
end_of_record
